{"name": "test_loginFailMethod", "status": "failed", "statusDetails": {"message": "AssertionError", "trace": "self = <AppiumFramework.tests.LoginPageTest.LoginTest testMethod=test_loginFailMethod>\n\n    @pytest.mark.run(order=1)\n    def test_loginFailMethod(self):\n        cl.allureLogs(\"App Opened\")\n        self.cf.clickAllowBtn1()\n        self.cf.clickAllowBtn2()\n        self.cf.enterLicenseKey()\n        self.driver.hide_keyboard()\n        self.cf.LicenseSubmitBtn()\n        self.gt.verifyLoginScreen()\n        self.gt.enterUsername()\n        self.gt.enterPassword2()\n        self.gt.clickLoginSubmitBtn()\n>       self.gt.verifyInitialcashScreen()\n\nLoginPageTest.py:43: \n_ _ _ _ _ _ _ _ _ _ _ _ _ _ _ _ _ _ _ _ _ _ _ _ _ _ _ _ _ _ _ _ _ _ _ _ _ _ _ _ _ _ _ _ _ _ _ _ _ _ _ _ _ _ _ _ _ _ _ _ _ _ _ _ _ _ _ _ _ _ _ _ _ _ \n\nself = <AppiumFramework.pages.LoginPage.LoginPageTest object at 0x03A468D0>\n\n    def verifyInitialcashScreen(self):\n        initialpageScreen = self.isDisplayed(self._initialCashEdit, \"text\")\n>       assert initialpageScreen == True\nE       AssertionError\n\n..\\pages\\LoginPage.py:50: AssertionError"}, "steps": [{"name": "App Opened", "status": "passed", "start": 1599741073020, "stop": 1599741073020}, {"name": "Clicked on allow button 1", "status": "passed", "start": 1599741073449, "stop": 1599741073449}, {"name": "Clicked on allow button 1", "status": "passed", "start": 1599741074703, "stop": 1599741074703}, {"name": "Entered License Key", "status": "passed", "start": 1599741077898, "stop": 1599741077898}, {"name": "Submitted License Key", "status": "passed", "start": 1599741084312, "stop": 1599741084312}, {"name": "Opened login Screen", "status": "passed", "start": 1599741098186, "stop": 1599741098186}, {"name": "Entered username", "status": "passed", "start": 1599741099141, "stop": 1599741099141}, {"name": "Entered Password", "status": "passed", "start": 1599741100402, "stop": 1599741100402}, {"name": "Click on Login Button", "status": "passed", "start": 1599741100985, "stop": 1599741100985}], "attachments": [{"name": "text", "source": "78df731a-5f36-44da-aa7a-713eb131aada-attachment.png", "type": "image/png"}, {"name": "text", "source": "97dd1602-bfae-4549-9131-1f30e4d54b06-attachment.png", "type": "image/png"}, {"name": "log", "source": "279e367c-f0d0-41e4-a055-ecc0624531e2-attachment.txt", "type": "text/plain"}, {"name": "stdout", "source": "be6703c3-083e-45e3-a935-9ee8ebd2e531-attachment.txt", "type": "text/plain"}], "start": 1599741073019, "stop": 1599741127170, "uuid": "c8bc8b29-dbb3-4602-bfb3-eec5e73744ad", "historyId": "aeb6c84858cb897d59574054d46d09e3", "testCaseId": "1512c76b4b2d60f059541c0f73c45353", "fullName": "TestSuite.LoginTest#test_loginFailMethod", "labels": [{"name": "suite", "value": "TestSuite"}, {"name": "subSuite", "value": "LoginTest"}, {"name": "host", "value": "LP-00DBDF5DBA60"}, {"name": "thread", "value": "16080-MainThread"}, {"name": "framework", "value": "pytest"}, {"name": "language", "value": "cpython3"}, {"name": "package", "value": "TestSuite"}]}