{"name": "test_loginFailMethod", "status": "failed", "statusDetails": {"message": "AssertionError", "trace": "self = <AppiumFramework.tests.LoginPageTest.LoginTest testMethod=test_loginFailMethod>\n\n    @pytest.mark.run(order=1)\n    def test_loginFailMethod(self):\n        cl.allureLogs(\"App Opened\")\n        self.cf.clickAllowBtn1()\n        self.cf.clickAllowBtn2()\n        self.cf.enterLicenseKey()\n        self.driver.hide_keyboard()\n        self.cf.LicenseSubmitBtn()\n        self.gt.verifyLoginScreen()\n        self.gt.enterUsername()\n        self.gt.enterPassword2()\n        self.gt.clickLoginSubmitBtn()\n>       self.gt.verifyInitialcashScreen()\n\nLoginPageTest.py:43: \n_ _ _ _ _ _ _ _ _ _ _ _ _ _ _ _ _ _ _ _ _ _ _ _ _ _ _ _ _ _ _ _ _ _ _ _ _ _ _ _ _ _ _ _ _ _ _ _ _ _ _ _ _ _ _ _ _ _ _ _ _ _ _ _ _ _ _ _ _ _ _ _ _ _ \n\nself = <AppiumFramework.pages.LoginPage.LoginPageTest object at 0x042A6890>\n\n    def verifyInitialcashScreen(self):\n        initialpageScreen = self.isDisplayed(self._initialCashEdit, \"text\")\n>       assert initialpageScreen == True\nE       AssertionError\n\n..\\pages\\LoginPage.py:50: AssertionError"}, "steps": [{"name": "App Opened", "status": "passed", "start": 1599742594995, "stop": 1599742594996}, {"name": "Clicked on allow button 1", "status": "passed", "start": 1599742595396, "stop": 1599742595396}, {"name": "Clicked on allow button 1", "status": "passed", "start": 1599742596627, "stop": 1599742596627}, {"name": "Entered License Key", "status": "passed", "start": 1599742599488, "stop": 1599742599488}, {"name": "Submitted License Key", "status": "passed", "start": 1599742603518, "stop": 1599742603518}, {"name": "Opened login Screen", "status": "passed", "start": 1599742619013, "stop": 1599742619013}, {"name": "Entered username", "status": "passed", "start": 1599742619964, "stop": 1599742619964}, {"name": "Entered Password", "status": "passed", "start": 1599742621310, "stop": 1599742621310}, {"name": "Click on Login Button", "status": "passed", "start": 1599742621836, "stop": 1599742621836}], "attachments": [{"name": "text", "source": "1df2a608-1c29-426b-bec9-ccbe1a71a543-attachment.png", "type": "image/png"}, {"name": "text", "source": "2ae0cab2-142b-4077-997f-40d5979ff412-attachment.png", "type": "image/png"}, {"name": "log", "source": "6c5a577c-b613-44da-a255-3d0bcdea6a7a-attachment.txt", "type": "text/plain"}, {"name": "stdout", "source": "3567057e-c68c-4fc5-aaca-cc434a2ccd54-attachment.txt", "type": "text/plain"}], "start": 1599742594995, "stop": 1599742648200, "uuid": "d962c407-1d3b-40fb-9247-de98d30e08d2", "historyId": "aeb6c84858cb897d59574054d46d09e3", "testCaseId": "1512c76b4b2d60f059541c0f73c45353", "fullName": "TestSuite.LoginTest#test_loginFailMethod", "labels": [{"name": "suite", "value": "TestSuite"}, {"name": "subSuite", "value": "LoginTest"}, {"name": "host", "value": "LP-00DBDF5DBA60"}, {"name": "thread", "value": "16132-MainThread"}, {"name": "framework", "value": "pytest"}, {"name": "language", "value": "cpython3"}, {"name": "package", "value": "TestSuite"}]}