{"name": "test_loginFailMethod", "status": "failed", "statusDetails": {"message": "AssertionError", "trace": "self = <AppiumFramework.tests.LoginPageTest.LoginTest testMethod=test_loginFailMethod>\n\n    @pytest.mark.run(order=1)\n    def test_loginFailMethod(self):\n        cl.allureLogs(\"App Opened\")\n        self.cf.clickAllowBtn1()\n        self.cf.clickAllowBtn2()\n        self.cf.enterLicenseKey()\n        self.driver.hide_keyboard()\n        self.cf.LicenseSubmitBtn()\n        self.gt.verifyLoginScreen()\n        self.gt.enterUsername()\n        self.gt.enterPassword2()\n        self.gt.clickLoginSubmitBtn()\n>       self.gt.verifyInitialcashScreen()\n\nLoginPageTest.py:43: \n_ _ _ _ _ _ _ _ _ _ _ _ _ _ _ _ _ _ _ _ _ _ _ _ _ _ _ _ _ _ _ _ _ _ _ _ _ _ _ _ _ _ _ _ _ _ _ _ _ _ _ _ _ _ _ _ _ _ _ _ _ _ _ _ _ _ _ _ _ _ _ _ _ _ \n\nself = <AppiumFramework.pages.LoginPage.LoginPageTest object at 0x039978D0>\n\n    def verifyInitialcashScreen(self):\n        initialpageScreen = self.isDisplayed(self._initialCashEdit, \"text\")\n>       assert initialpageScreen == True\nE       AssertionError\n\n..\\pages\\LoginPage.py:50: AssertionError"}, "steps": [{"name": "App Opened", "status": "passed", "start": 1599740691548, "stop": 1599740691548}, {"name": "Clicked on allow button 1", "status": "passed", "start": 1599740692087, "stop": 1599740692087}, {"name": "Clicked on allow button 1", "status": "passed", "start": 1599740693322, "stop": 1599740693323}, {"name": "Entered License Key", "status": "passed", "start": 1599740695747, "stop": 1599740695747}, {"name": "Submitted License Key", "status": "passed", "start": 1599740700542, "stop": 1599740700542}, {"name": "Opened login Screen", "status": "passed", "start": 1599740715089, "stop": 1599740715089}, {"name": "Entered username", "status": "passed", "start": 1599740716108, "stop": 1599740716108}, {"name": "Entered Password", "status": "passed", "start": 1599740717345, "stop": 1599740717345}, {"name": "Click on Login Button", "status": "passed", "start": 1599740717865, "stop": 1599740717865}], "attachments": [{"name": "text", "source": "0656fe25-9644-4aba-a9ae-78a680e90ad6-attachment.png", "type": "image/png"}, {"name": "text", "source": "21c2be20-49a6-4b29-9cac-d48ecc991863-attachment.png", "type": "image/png"}, {"name": "log", "source": "0a8709cb-0f87-437a-9044-48a6885bb2f9-attachment.txt", "type": "text/plain"}, {"name": "stdout", "source": "03f2ad68-26ca-4ed5-9aca-6c3fb749fe26-attachment.txt", "type": "text/plain"}], "start": 1599740691548, "stop": 1599740744665, "uuid": "199c766b-a25f-4f2b-a5ff-b91ae9665d0e", "historyId": "aeb6c84858cb897d59574054d46d09e3", "testCaseId": "1512c76b4b2d60f059541c0f73c45353", "fullName": "TestSuite.LoginTest#test_loginFailMethod", "labels": [{"name": "suite", "value": "TestSuite"}, {"name": "subSuite", "value": "LoginTest"}, {"name": "host", "value": "LP-00DBDF5DBA60"}, {"name": "thread", "value": "20820-MainThread"}, {"name": "framework", "value": "pytest"}, {"name": "language", "value": "cpython3"}, {"name": "package", "value": "TestSuite"}]}