{"name": "test_loginFailMethod", "status": "failed", "statusDetails": {"message": "AssertionError", "trace": "self = <AppiumFramework.tests.LoginPageTest.LoginTest testMethod=test_loginFailMethod>\n\n    @pytest.mark.run(order=1)\n    def test_loginFailMethod(self):\n        cl.allureLogs(\"App Opened\")\n        self.cf.clickAllowBtn1()\n        self.cf.clickAllowBtn2()\n        self.cf.enterLicenseKey()\n        self.driver.hide_keyboard()\n        self.cf.LicenseSubmitBtn()\n        self.gt.verifyLoginScreen()\n        self.gt.enterUsername()\n        self.gt.enterPassword2()\n        self.gt.clickLoginSubmitBtn()\n>       self.gt.verifyInitialcashScreen()\n\nLoginPageTest.py:43: \n_ _ _ _ _ _ _ _ _ _ _ _ _ _ _ _ _ _ _ _ _ _ _ _ _ _ _ _ _ _ _ _ _ _ _ _ _ _ _ _ _ _ _ _ _ _ _ _ _ _ _ _ _ _ _ _ _ _ _ _ _ _ _ _ _ _ _ _ _ _ _ _ _ _ \n\nself = <AppiumFramework.pages.LoginPage.LoginPageTest object at 0x046DC8D0>\n\n    def verifyInitialcashScreen(self):\n        initialpageScreen = self.isDisplayed(self._initialCashEdit, \"text\")\n>       assert initialpageScreen == True\nE       AssertionError\n\n..\\pages\\LoginPage.py:50: AssertionError"}, "steps": [{"name": "App Opened", "status": "passed", "start": 1599740008446, "stop": 1599740008446}, {"name": "Clicked on allow button 1", "status": "passed", "start": 1599740009387, "stop": 1599740009387}, {"name": "Clicked on allow button 1", "status": "passed", "start": 1599740010616, "stop": 1599740010616}, {"name": "Entered License Key", "status": "passed", "start": 1599740013115, "stop": 1599740013115}, {"name": "Submitted License Key", "status": "passed", "start": 1599740018009, "stop": 1599740018009}, {"name": "Opened login Screen", "status": "passed", "start": 1599740031171, "stop": 1599740031171}, {"name": "Entered username", "status": "passed", "start": 1599740032144, "stop": 1599740032144}, {"name": "Entered Password", "status": "passed", "start": 1599740033364, "stop": 1599740033364}, {"name": "Click on Login Button", "status": "passed", "start": 1599740034328, "stop": 1599740034328}], "attachments": [{"name": "text", "source": "f5be3214-13a3-45f3-84c3-a02a3a980814-attachment.png", "type": "image/png"}, {"name": "text", "source": "7773e80b-b09e-431f-b58f-ccf9994d4b61-attachment.png", "type": "image/png"}, {"name": "log", "source": "a48489ca-9e64-492a-94d4-f7c1528c136a-attachment.txt", "type": "text/plain"}, {"name": "stdout", "source": "2e3491ed-9b8a-42c8-b070-4db44c8c787c-attachment.txt", "type": "text/plain"}], "start": 1599740008446, "stop": 1599740060848, "uuid": "64a0dc2f-179d-4cbd-8aae-08947e13ecb0", "historyId": "aeb6c84858cb897d59574054d46d09e3", "testCaseId": "1512c76b4b2d60f059541c0f73c45353", "fullName": "TestSuite.LoginTest#test_loginFailMethod", "labels": [{"name": "suite", "value": "TestSuite"}, {"name": "subSuite", "value": "LoginTest"}, {"name": "host", "value": "LP-00DBDF5DBA60"}, {"name": "thread", "value": "6004-MainThread"}, {"name": "framework", "value": "pytest"}, {"name": "language", "value": "cpython3"}, {"name": "package", "value": "TestSuite"}]}