{"name": "test_loginFailMethod", "status": "failed", "statusDetails": {"message": "AssertionError", "trace": "self = <AppiumFramework.tests.LoginPageTest.LoginTest testMethod=test_loginFailMethod>\n\n    @pytest.mark.run(order=1)\n    def test_loginFailMethod(self):\n        cl.allureLogs(\"App Opened\")\n        self.cf.clickAllowBtn1()\n        self.cf.clickAllowBtn2()\n        self.cf.enterLicenseKey()\n        self.driver.hide_keyboard()\n        self.cf.LicenseSubmitBtn()\n        self.gt.verifyLoginScreen()\n        self.gt.enterUsername()\n        self.gt.enterPassword2()\n        self.gt.clickLoginSubmitBtn()\n>       self.gt.verifyInitialcashScreen()\n\nLoginPageTest.py:43: \n_ _ _ _ _ _ _ _ _ _ _ _ _ _ _ _ _ _ _ _ _ _ _ _ _ _ _ _ _ _ _ _ _ _ _ _ _ _ _ _ _ _ _ _ _ _ _ _ _ _ _ _ _ _ _ _ _ _ _ _ _ _ _ _ _ _ _ _ _ _ _ _ _ _ \n\nself = <AppiumFramework.pages.LoginPage.LoginPageTest object at 0x0473DAB0>\n\n    def verifyInitialcashScreen(self):\n        initialpageScreen = self.isDisplayed(self._initialCashEdit, \"text\")\n>       assert initialpageScreen == True\nE       AssertionError\n\n..\\pages\\LoginPage.py:50: AssertionError"}, "steps": [{"name": "App Opened", "status": "passed", "start": 1599740361057, "stop": 1599740361057}, {"name": "Clicked on allow button 1", "status": "passed", "start": 1599740361584, "stop": 1599740361584}, {"name": "Clicked on allow button 1", "status": "passed", "start": 1599740362760, "stop": 1599740362760}, {"name": "Entered License Key", "status": "passed", "start": 1599740365145, "stop": 1599740365145}, {"name": "Submitted License Key", "status": "passed", "start": 1599740369932, "stop": 1599740369932}, {"name": "Opened login Screen", "status": "passed", "start": 1599740385634, "stop": 1599740385635}, {"name": "Entered username", "status": "passed", "start": 1599740386660, "stop": 1599740386660}, {"name": "Entered Password", "status": "passed", "start": 1599740387924, "stop": 1599740387924}, {"name": "Click on Login Button", "status": "passed", "start": 1599740388453, "stop": 1599740388453}], "attachments": [{"name": "text", "source": "99c927b9-ea63-41e2-9c92-338a00d3bb7e-attachment.png", "type": "image/png"}, {"name": "text", "source": "11adf5a4-6de4-403a-bdea-fb1644ecaf4a-attachment.png", "type": "image/png"}, {"name": "log", "source": "f22ab64e-c0d8-40f2-9ffb-d4087daa9361-attachment.txt", "type": "text/plain"}, {"name": "stdout", "source": "28ef832a-6aa8-4e9a-a831-0930368e0774-attachment.txt", "type": "text/plain"}], "start": 1599740361057, "stop": 1599740415368, "uuid": "305bb0df-f13b-4940-96ff-0fbdbd7f53a1", "historyId": "aeb6c84858cb897d59574054d46d09e3", "testCaseId": "1512c76b4b2d60f059541c0f73c45353", "fullName": "TestSuite.LoginTest#test_loginFailMethod", "labels": [{"name": "suite", "value": "TestSuite"}, {"name": "subSuite", "value": "LoginTest"}, {"name": "host", "value": "LP-00DBDF5DBA60"}, {"name": "thread", "value": "2620-MainThread"}, {"name": "framework", "value": "pytest"}, {"name": "language", "value": "cpython3"}, {"name": "package", "value": "TestSuite"}]}