{"name": "test_loginFailMethod", "status": "failed", "statusDetails": {"message": "AssertionError", "trace": "self = <AppiumFramework.tests.LoginPageTest.LoginTest testMethod=test_loginFailMethod>\n\n    @pytest.mark.run(order=1)\n    def test_loginFailMethod(self):\n        cl.allureLogs(\"App Opened\")\n        self.cf.clickAllowBtn1()\n        self.cf.clickAllowBtn2()\n        self.cf.enterLicenseKey()\n        self.driver.hide_keyboard()\n        self.cf.LicenseSubmitBtn()\n        self.gt.verifyLoginScreen()\n        self.gt.enterUsername()\n        self.gt.enterPassword2()\n        self.gt.clickLoginSubmitBtn()\n>       self.gt.verifyInitialcashScreen()\n\nLoginPageTest.py:43: \n_ _ _ _ _ _ _ _ _ _ _ _ _ _ _ _ _ _ _ _ _ _ _ _ _ _ _ _ _ _ _ _ _ _ _ _ _ _ _ _ _ _ _ _ _ _ _ _ _ _ _ _ _ _ _ _ _ _ _ _ _ _ _ _ _ _ _ _ _ _ _ _ _ _ \n\nself = <AppiumFramework.pages.LoginPage.LoginPageTest object at 0x040BDDF0>\n\n    def verifyInitialcashScreen(self):\n        initialpageScreen = self.isDisplayed(self._initialCashEdit, \"text\")\n>       assert initialpageScreen == True\nE       AssertionError\n\n..\\pages\\LoginPage.py:50: AssertionError"}, "steps": [{"name": "App Opened", "status": "passed", "start": 1599739801272, "stop": 1599739801272}, {"name": "Clicked on allow button 1", "status": "passed", "start": 1599739801773, "stop": 1599739801773}, {"name": "Clicked on allow button 1", "status": "passed", "start": 1599739802922, "stop": 1599739802922}, {"name": "Entered License Key", "status": "passed", "start": 1599739805856, "stop": 1599739805856}, {"name": "Submitted License Key", "status": "passed", "start": 1599739809925, "stop": 1599739809925}, {"name": "Opened login Screen", "status": "passed", "start": 1599739825539, "stop": 1599739825539}, {"name": "Entered username", "status": "passed", "start": 1599739825651, "stop": 1599739825651}, {"name": "Entered Password", "status": "passed", "start": 1599739826961, "stop": 1599739826961}, {"name": "Click on Login Button", "status": "passed", "start": 1599739827481, "stop": 1599739827481}], "attachments": [{"name": "text", "source": "67462f41-9817-4f3d-bb8b-6150d01c3ceb-attachment.png", "type": "image/png"}, {"name": "text", "source": "6be04490-9b7e-42c2-8cb0-ee281bc2da81-attachment.png", "type": "image/png"}, {"name": "log", "source": "858fcde2-25c7-4d5b-97f8-b7afc1e21d04-attachment.txt", "type": "text/plain"}, {"name": "stdout", "source": "5edaef18-2316-46f8-a5c2-8054ca0c68f0-attachment.txt", "type": "text/plain"}], "start": 1599739801272, "stop": 1599739854217, "uuid": "2a716e3d-a31a-4ddd-a666-9fe97512c419", "historyId": "95499174688509a4487d80b6410c2e58", "testCaseId": "7d78aa3e57d37254643051d36844928d", "fullName": "LoginPageTest.LoginTest#test_loginFailMethod", "labels": [{"name": "suite", "value": "LoginPageTest"}, {"name": "subSuite", "value": "LoginTest"}, {"name": "host", "value": "LP-00DBDF5DBA60"}, {"name": "thread", "value": "652-MainThread"}, {"name": "framework", "value": "pytest"}, {"name": "language", "value": "cpython3"}, {"name": "package", "value": "LoginPageTest"}]}