{"name": "test_loginInvalidPassword", "status": "failed", "statusDetails": {"message": "AssertionError", "trace": "self = <AppiumFramework.tests.LoginPageTest.LoginTest testMethod=test_loginInvalidPassword>\n\n    @pytest.mark.run(order=2)\n    def test_loginInvalidPassword(self):\n        # cl.allureLogs(\"App Opened\")\n        self.bp.keyCode(4)\n        self.gt.verifyLoginScreen()\n        self.gt.enterUsername()\n        self.gt.enterPassword2()\n        self.gt.clickLoginSubmitBtn()\n>       self.gt.verifyInitialcashTitle()\n\nLoginPageTest.py:27: \n_ _ _ _ _ _ _ _ _ _ _ _ _ _ _ _ _ _ _ _ _ _ _ _ _ _ _ _ _ _ _ _ _ _ _ _ _ _ _ _ _ _ _ _ _ _ _ _ _ _ _ _ _ _ _ _ _ _ _ _ _ _ _ _ _ _ _ _ _ _ _ _ _ _ \n\nself = <AppiumFramework.pages.LoginPage.LoginPageTest object at 0x04618870>\n\n    def verifyInitialcashTitle(self):\n        initialpageScreen = self.isDisplayed(self._initialCashTitle, \"text\")\n>       assert initialpageScreen == True\nE       AssertionError\n\n..\\pages\\LoginPage.py:51: AssertionError"}, "steps": [{"name": "Opened login Screen", "status": "passed", "start": 1599837059744, "stop": 1599837059744}, {"name": "Entered username", "status": "passed", "start": 1599837060411, "stop": 1599837060411}, {"name": "Entered Password", "status": "passed", "start": 1599837061527, "stop": 1599837061527}, {"name": "Click on Login Button", "status": "passed", "start": 1599837062094, "stop": 1599837062094}], "attachments": [{"name": "text", "source": "7a806e9a-0d2a-4bc6-9b38-d93fb3cab371-attachment.png", "type": "image/png"}, {"name": "text", "source": "a67e62a9-b8eb-493d-b140-0c57d1d79af8-attachment.png", "type": "image/png"}, {"name": "log", "source": "715ad8b7-2d6d-4c07-89ff-3ad56754207f-attachment.txt", "type": "text/plain"}, {"name": "stdout", "source": "e6452317-6a0d-4b88-9518-09f50394894b-attachment.txt", "type": "text/plain"}], "start": 1599837059152, "stop": 1599837088755, "uuid": "42bbd1cc-dc16-4c09-9b16-c54d66ba5e6e", "historyId": "b84123138967d2bae41043b3d0fe183c", "testCaseId": "8c2b39a9c4e1e0baa83afd04dd9b24cc", "fullName": "LoginPageTest.LoginTest#test_loginInvalidPassword", "labels": [{"name": "suite", "value": "LoginPageTest"}, {"name": "subSuite", "value": "LoginTest"}, {"name": "host", "value": "LP-00DBDF5DBA60"}, {"name": "thread", "value": "2148-MainThread"}, {"name": "framework", "value": "pytest"}, {"name": "language", "value": "cpython3"}, {"name": "package", "value": "LoginPageTest"}]}