{"name": "test_loginFailMethod", "status": "failed", "statusDetails": {"message": "AssertionError", "trace": "self = <AppiumFramework.tests.LoginPageTest.LoginTest testMethod=test_loginFailMethod>\n\n    @pytest.mark.run(order=1)\n    def test_loginFailMethod(self):\n        cl.allureLogs(\"App Opened\")\n        self.cf.clickAllowBtn1()\n        self.cf.clickAllowBtn2()\n        self.cf.enterLicenseKey()\n        self.driver.hide_keyboard()\n        self.cf.LicenseSubmitBtn()\n        self.gt.verifyLoginScreen()\n        self.gt.enterUsername()\n        self.gt.enterPassword2()\n        self.gt.clickLoginSubmitBtn()\n>       self.gt.verifyInitialcashScreen()\n\nLoginPageTest.py:43: \n_ _ _ _ _ _ _ _ _ _ _ _ _ _ _ _ _ _ _ _ _ _ _ _ _ _ _ _ _ _ _ _ _ _ _ _ _ _ _ _ _ _ _ _ _ _ _ _ _ _ _ _ _ _ _ _ _ _ _ _ _ _ _ _ _ _ _ _ _ _ _ _ _ _ \n\nself = <AppiumFramework.pages.LoginPage.LoginPageTest object at 0x03ABFFD0>\n\n    def verifyInitialcashScreen(self):\n        initialpageScreen = self.isDisplayed(self._initialCashEdit, \"text\")\n>       assert initialpageScreen == True\nE       AssertionError\n\n..\\pages\\LoginPage.py:50: AssertionError"}, "steps": [{"name": "App Opened", "status": "passed", "start": 1599739221583, "stop": 1599739221583}, {"name": "Clicked on allow button 1", "status": "passed", "start": 1599739222121, "stop": 1599739222121}, {"name": "Clicked on allow button 1", "status": "passed", "start": 1599739223299, "stop": 1599739223299}, {"name": "Entered License Key", "status": "passed", "start": 1599739225754, "stop": 1599739225754}, {"name": "Submitted License Key", "status": "passed", "start": 1599739230592, "stop": 1599739230592}, {"name": "Opened login Screen", "status": "passed", "start": 1599739245568, "stop": 1599739245568}, {"name": "Entered username", "status": "passed", "start": 1599739246635, "stop": 1599739246635}, {"name": "Entered Password", "status": "passed", "start": 1599739247851, "stop": 1599739247851}, {"name": "Click on Login Button", "status": "passed", "start": 1599739248413, "stop": 1599739248413}], "attachments": [{"name": "text", "source": "d74db36a-fe05-417e-befe-29ee0771e339-attachment.png", "type": "image/png"}, {"name": "text", "source": "f5879571-0c52-469d-bd51-41e2b32cf73b-attachment.png", "type": "image/png"}, {"name": "log", "source": "47f49d51-1731-46d7-b980-dbb1ac189081-attachment.txt", "type": "text/plain"}, {"name": "stdout", "source": "acacf909-4cf8-424b-be87-d211cfdc8cfb-attachment.txt", "type": "text/plain"}], "start": 1599739221583, "stop": 1599739275040, "uuid": "b1a02d6f-8614-4e8a-92c6-e672ebb6b070", "historyId": "95499174688509a4487d80b6410c2e58", "testCaseId": "7d78aa3e57d37254643051d36844928d", "fullName": "LoginPageTest.LoginTest#test_loginFailMethod", "labels": [{"name": "suite", "value": "LoginPageTest"}, {"name": "subSuite", "value": "LoginTest"}, {"name": "host", "value": "LP-00DBDF5DBA60"}, {"name": "thread", "value": "12380-MainThread"}, {"name": "framework", "value": "pytest"}, {"name": "language", "value": "cpython3"}, {"name": "package", "value": "LoginPageTest"}]}