{"name": "test_loginFailMethod", "status": "failed", "statusDetails": {"message": "AssertionError", "trace": "self = <AppiumFramework.tests.LoginPageTest.LoginTest testMethod=test_loginFailMethod>\n\n    @pytest.mark.run(order=2)\n    def test_loginFailMethod(self):\n        cl.allureLogs(\"App Opened\")\n        self.cf.clickAllowBtn1()\n        self.cf.clickAllowBtn2()\n        self.cf.enterLicenseKey()\n        self.driver.hide_keyboard()\n        self.cf.LicenseSubmitBtn()\n        self.gt.verifyLoginScreen()\n        self.gt.enterUsername()\n        self.gt.enterPassword2()\n        self.gt.clickLoginSubmitBtn()\n>       self.gt.verifyInitialcashScreen()\n\nLoginPageTest.py:43: \n_ _ _ _ _ _ _ _ _ _ _ _ _ _ _ _ _ _ _ _ _ _ _ _ _ _ _ _ _ _ _ _ _ _ _ _ _ _ _ _ _ _ _ _ _ _ _ _ _ _ _ _ _ _ _ _ _ _ _ _ _ _ _ _ _ _ _ _ _ _ _ _ _ _ \n\nself = <AppiumFramework.pages.LoginPage.LoginPageTest object at 0x036BFD10>\n\n    def verifyInitialcashScreen(self):\n        initialpageScreen = self.isDisplayed(self._initialCashEdit, \"text\")\n>       assert initialpageScreen == True\nE       AssertionError\n\n..\\pages\\LoginPage.py:50: AssertionError"}, "steps": [{"name": "App Opened", "status": "passed", "start": 1599738714002, "stop": 1599738714002}, {"name": "Clicked on allow button 1", "status": "passed", "start": 1599738714824, "stop": 1599738714824}, {"name": "Clicked on allow button 1", "status": "passed", "start": 1599738716026, "stop": 1599738716026}, {"name": "Entered License Key", "status": "passed", "start": 1599738718680, "stop": 1599738718681}, {"name": "Submitted License Key", "status": "passed", "start": 1599738723244, "stop": 1599738723244}, {"name": "Opened login Screen", "status": "passed", "start": 1599738738656, "stop": 1599738738656}, {"name": "Entered username", "status": "passed", "start": 1599738739612, "stop": 1599738739612}, {"name": "Entered Password", "status": "passed", "start": 1599738741396, "stop": 1599738741396}, {"name": "Click on Login Button", "status": "passed", "start": 1599738741968, "stop": 1599738741968}], "attachments": [{"name": "text", "source": "affcefec-bcf3-4f01-b406-92eb778e6a89-attachment.png", "type": "image/png"}, {"name": "text", "source": "972ddf0b-9a7c-43f3-bdcb-4e2c751e2819-attachment.png", "type": "image/png"}, {"name": "log", "source": "4fd28a90-59c8-438d-b762-925505d0d795-attachment.txt", "type": "text/plain"}, {"name": "stdout", "source": "c72ffbef-966a-481d-b87c-3b2262bd3b61-attachment.txt", "type": "text/plain"}], "start": 1599738714002, "stop": 1599738769116, "uuid": "c9783a8e-622c-4caf-a315-f588c5be6a05", "historyId": "95499174688509a4487d80b6410c2e58", "testCaseId": "7d78aa3e57d37254643051d36844928d", "fullName": "LoginPageTest.LoginTest#test_loginFailMethod", "labels": [{"name": "suite", "value": "LoginPageTest"}, {"name": "subSuite", "value": "LoginTest"}, {"name": "host", "value": "LP-00DBDF5DBA60"}, {"name": "thread", "value": "21532-MainThread"}, {"name": "framework", "value": "pytest"}, {"name": "language", "value": "cpython3"}, {"name": "package", "value": "LoginPageTest"}]}